20211106 11:42:48.632 [background-preinit] INFO  org.hibernate.validator.internal.util.Version 
->> HV000001: Hibernate Validator 6.0.21.Final
20211106 11:42:48.641 [restartedMain] INFO  com.inventory.nike.NikeApplication 
->> Starting NikeApplication using Java 1.8.0_221 on DEEP-2021OPGSHB with PID 2176 (D:\GitStudy\inventory\nike\target\classes started by Administrator in D:\GitStudy\inventory\nike)
20211106 11:42:48.641 [restartedMain] INFO  com.inventory.nike.NikeApplication 
->> The following profiles are active: dev
20211106 11:42:48.715 [restartedMain] INFO  o.s.b.d.env.DevToolsPropertyDefaultsPostProcessor 
->> Devtools property defaults active! Set 'spring.devtools.add-properties' to 'false' to disable
20211106 11:42:48.716 [restartedMain] INFO  o.s.b.d.env.DevToolsPropertyDefaultsPostProcessor 
->> For additional web related logging consider setting the 'logging.level.web' property to 'DEBUG'
20211106 11:42:49.832 [restartedMain] INFO  o.s.d.r.config.RepositoryConfigurationDelegate 
->> Multiple Spring Data modules found, entering strict repository configuration mode!
20211106 11:42:49.834 [restartedMain] INFO  o.s.d.r.config.RepositoryConfigurationDelegate 
->> Bootstrapping Spring Data Redis repositories in DEFAULT mode.
20211106 11:42:49.867 [restartedMain] INFO  o.s.d.r.config.RepositoryConfigurationDelegate 
->> Finished Spring Data repository scanning in 16 ms. Found 0 Redis repository interfaces.
20211106 11:42:50.883 [restartedMain] INFO  o.s.boot.web.embedded.tomcat.TomcatWebServer 
->> Tomcat initialized with port(s): 8888 (http)
20211106 11:42:50.893 [restartedMain] INFO  org.apache.coyote.http11.Http11NioProtocol 
->> Initializing ProtocolHandler ["http-nio-8888"]
20211106 11:42:50.894 [restartedMain] INFO  org.apache.catalina.core.StandardService 
->> Starting service [Tomcat]
20211106 11:42:50.894 [restartedMain] INFO  org.apache.catalina.core.StandardEngine 
->> Starting Servlet engine: [Apache Tomcat/9.0.54]
20211106 11:42:51.005 [restartedMain] INFO  o.a.c.core.ContainerBase.[Tomcat].[localhost].[/] 
->> Initializing Spring embedded WebApplicationContext
20211106 11:42:51.005 [restartedMain] INFO  o.s.b.w.s.c.ServletWebServerApplicationContext 
->> Root WebApplicationContext: initialization completed in 2289 ms
20211106 11:42:51.373 [restartedMain] INFO  c.a.d.s.b.a.DruidDataSourceAutoConfigure 
->> Init DruidDataSource
20211106 11:42:51.614 [restartedMain] INFO  com.alibaba.druid.pool.DruidDataSource 
->> {dataSource-1} inited
20211106 11:42:53.270 [restartedMain] INFO  s.d.s.w.PropertySourcedRequestMappingHandlerMapping 
->> Mapped URL path [/v2/api-docs] onto method [springfox.documentation.swagger2.web.Swagger2Controller#getDocumentation(String, HttpServletRequest)]
20211106 11:42:53.401 [restartedMain] WARN  o.s.b.d.autoconfigure.OptionalLiveReloadServer 
->> Unable to start LiveReload server
20211106 11:42:53.916 [restartedMain] INFO  org.apache.coyote.http11.Http11NioProtocol 
->> Starting ProtocolHandler ["http-nio-8888"]
20211106 11:42:53.922 [restartedMain] WARN  o.s.b.w.s.c.AnnotationConfigServletWebServerApplicationContext 
->> Exception encountered during context initialization - cancelling refresh attempt: org.springframework.context.ApplicationContextException: Failed to start bean 'webServerStartStop'; nested exception is org.springframework.boot.web.server.PortInUseException: Port 8888 is already in use
20211106 11:42:53.926 [restartedMain] INFO  com.alibaba.druid.pool.DruidDataSource 
->> {dataSource-1} closed
20211106 11:42:53.928 [restartedMain] INFO  org.apache.coyote.http11.Http11NioProtocol 
->> Pausing ProtocolHandler ["http-nio-8888"]
20211106 11:42:53.928 [restartedMain] INFO  org.apache.catalina.core.StandardService 
->> Stopping service [Tomcat]
20211106 11:42:53.933 [restartedMain] INFO  org.apache.coyote.http11.Http11NioProtocol 
->> Stopping ProtocolHandler ["http-nio-8888"]
20211106 11:42:53.933 [restartedMain] INFO  org.apache.coyote.http11.Http11NioProtocol 
->> Destroying ProtocolHandler ["http-nio-8888"]
20211106 11:42:53.940 [restartedMain] INFO  o.s.b.a.l.ConditionEvaluationReportLoggingListener 
->> 

Error starting ApplicationContext. To display the conditions report re-run your application with 'debug' enabled.
20211106 11:42:54.030 [restartedMain] ERROR o.s.b.diagnostics.LoggingFailureAnalysisReporter 
->> 

***************************
APPLICATION FAILED TO START
***************************

Description:

Web server failed to start. Port 8888 was already in use.

Action:

Identify and stop the process that's listening on port 8888 or configure this application to listen on another port.

20211106 11:43:56.690 [restartedMain] INFO  com.inventory.nike.NikeApplication 
->> Starting NikeApplication using Java 1.8.0_221 on DEEP-2021OPGSHB with PID 6688 (D:\GitStudy\inventory\nike\target\classes started by Administrator in D:\GitStudy\inventory\nike)
20211106 11:43:56.691 [restartedMain] INFO  com.inventory.nike.NikeApplication 
->> The following profiles are active: dev
20211106 11:43:56.713 [background-preinit] INFO  org.hibernate.validator.internal.util.Version 
->> HV000001: Hibernate Validator 6.0.21.Final
20211106 11:43:56.783 [restartedMain] INFO  o.s.b.d.env.DevToolsPropertyDefaultsPostProcessor 
->> Devtools property defaults active! Set 'spring.devtools.add-properties' to 'false' to disable
20211106 11:43:56.783 [restartedMain] INFO  o.s.b.d.env.DevToolsPropertyDefaultsPostProcessor 
->> For additional web related logging consider setting the 'logging.level.web' property to 'DEBUG'
20211106 11:43:57.804 [restartedMain] INFO  o.s.d.r.config.RepositoryConfigurationDelegate 
->> Multiple Spring Data modules found, entering strict repository configuration mode!
20211106 11:43:57.807 [restartedMain] INFO  o.s.d.r.config.RepositoryConfigurationDelegate 
->> Bootstrapping Spring Data Redis repositories in DEFAULT mode.
20211106 11:43:57.839 [restartedMain] INFO  o.s.d.r.config.RepositoryConfigurationDelegate 
->> Finished Spring Data repository scanning in 16 ms. Found 0 Redis repository interfaces.
20211106 11:43:58.807 [restartedMain] INFO  o.s.boot.web.embedded.tomcat.TomcatWebServer 
->> Tomcat initialized with port(s): 8889 (http)
20211106 11:43:58.825 [restartedMain] INFO  org.apache.coyote.http11.Http11NioProtocol 
->> Initializing ProtocolHandler ["http-nio-8889"]
20211106 11:43:58.825 [restartedMain] INFO  org.apache.catalina.core.StandardService 
->> Starting service [Tomcat]
20211106 11:43:58.825 [restartedMain] INFO  org.apache.catalina.core.StandardEngine 
->> Starting Servlet engine: [Apache Tomcat/9.0.54]
20211106 11:43:58.937 [restartedMain] INFO  o.a.c.core.ContainerBase.[Tomcat].[localhost].[/] 
->> Initializing Spring embedded WebApplicationContext
20211106 11:43:58.937 [restartedMain] INFO  o.s.b.w.s.c.ServletWebServerApplicationContext 
->> Root WebApplicationContext: initialization completed in 2153 ms
20211106 11:43:59.255 [restartedMain] INFO  c.a.d.s.b.a.DruidDataSourceAutoConfigure 
->> Init DruidDataSource
20211106 11:43:59.489 [restartedMain] INFO  com.alibaba.druid.pool.DruidDataSource 
->> {dataSource-1} inited
20211106 11:44:01.137 [restartedMain] INFO  s.d.s.w.PropertySourcedRequestMappingHandlerMapping 
->> Mapped URL path [/v2/api-docs] onto method [springfox.documentation.swagger2.web.Swagger2Controller#getDocumentation(String, HttpServletRequest)]
20211106 11:44:01.263 [restartedMain] WARN  o.s.b.d.autoconfigure.OptionalLiveReloadServer 
->> Unable to start LiveReload server
20211106 11:44:01.723 [restartedMain] INFO  org.apache.coyote.http11.Http11NioProtocol 
->> Starting ProtocolHandler ["http-nio-8889"]
20211106 11:44:01.760 [restartedMain] INFO  o.s.boot.web.embedded.tomcat.TomcatWebServer 
->> Tomcat started on port(s): 8889 (http) with context path ''
20211106 11:44:01.761 [restartedMain] INFO  s.d.s.web.plugins.DocumentationPluginsBootstrapper 
->> Context refreshed
20211106 11:44:01.776 [restartedMain] INFO  s.d.s.web.plugins.DocumentationPluginsBootstrapper 
->> Found 1 custom documentation plugin(s)
20211106 11:44:01.814 [restartedMain] INFO  s.d.spring.web.scanners.ApiListingReferenceScanner 
->> Scanning for api listing references
20211106 11:44:01.966 [restartedMain] INFO  s.d.s.w.r.operation.CachingOperationNameGenerator 
->> Generating unique operation named: deleteUsingDELETE_1
20211106 11:44:01.979 [restartedMain] INFO  s.d.s.w.r.operation.CachingOperationNameGenerator 
->> Generating unique operation named: insertDataUsingPOST_1
20211106 11:44:01.993 [restartedMain] INFO  s.d.s.w.r.operation.CachingOperationNameGenerator 
->> Generating unique operation named: pageDateUsingPOST_1
20211106 11:44:01.996 [restartedMain] INFO  s.d.s.w.r.operation.CachingOperationNameGenerator 
->> Generating unique operation named: selectByIdUsingGET_1
20211106 11:44:01.998 [restartedMain] INFO  s.d.s.w.r.operation.CachingOperationNameGenerator 
->> Generating unique operation named: updateDataUsingPUT_1
20211106 11:44:02.078 [restartedMain] INFO  o.s.s.a.ScheduledAnnotationBeanPostProcessor 
->> No TaskScheduler/ScheduledExecutorService bean found for scheduled processing
20211106 11:44:02.093 [restartedMain] INFO  com.inventory.nike.NikeApplication 
->> Started NikeApplication in 6.14 seconds (JVM running for 7.606)
20211106 11:44:20.103 [http-nio-8889-exec-1] INFO  o.a.c.core.ContainerBase.[Tomcat].[localhost].[/] 
->> Initializing Spring DispatcherServlet 'dispatcherServlet'
20211106 11:44:20.104 [http-nio-8889-exec-1] INFO  org.springframework.web.servlet.DispatcherServlet 
->> Initializing Servlet 'dispatcherServlet'
20211106 11:44:20.106 [http-nio-8889-exec-1] INFO  org.springframework.web.servlet.DispatcherServlet 
->> Completed initialization in 2 ms
20211106 11:44:44.530 [http-nio-8889-exec-1] INFO  com.inventory.nike.common.aop.PermissionAspect 
->> 保存admin的分页查询操作的记录
20211106 11:44:54.664 [http-nio-8889-exec-3] INFO  com.inventory.nike.common.aop.PermissionAspect 
->> 保存admin的分页查询操作的记录
